
> bonjoojoo-jewelry@1.0.0 dev
> next dev

  ▲ Next.js 14.2.15
  - Local:        http://localhost:3002
  - Environments: .env.local

 ✓ Starting...
 ✓ Ready in 659ms
 ✓ Compiled /middleware in 113ms (74 modules)
Security event: request {
  type: 'request',
  path: '/',
  method: 'GET',
  clientIP: '::1',
  userAgent: 'curl/8.7.1',
  country: 'UNKNOWN',
  allowed: true,
  timestamp: '2026-03-17T09:42:52.647Z'
}
Failed to log security event: [TypeError: Failed to parse URL from /api/security/log]
 ○ Compiling / ...
 ✓ Compiled / in 1009ms (773 modules)
 GET / 200 in 1089ms
 ✓ Compiled in 82ms (388 modules)
[?25h
